1587565507.043047 client started (27762): version 2.6, socket /tmp/tmux-1000/default, protocol 8
1587565507.043102 on Linux 5.3.0-46-generic #38~18.04.1-Ubuntu SMP Tue Mar 31 04:17:56 UTC 2020; libevent 2.1.8-stable (poll)
1587565507.043153 socket is /tmp/tmux-1000/default
1587565507.043183 trying connect
1587565507.043351 add peer 0x55f47ac79550: 6 ((nil))
1587565507.043474 sending message 100 to peer 0x55f47ac79550 (4 bytes)
1587565507.043499 sending message 101 to peer 0x55f47ac79550 (15 bytes)
1587565507.043513 sending message 102 to peer 0x55f47ac79550 (11 bytes)
1587565507.043524 sending message 108 to peer 0x55f47ac79550 (32 bytes)
1587565507.043539 sending message 104 to peer 0x55f47ac79550 (0 bytes)
1587565507.043553 sending message 107 to peer 0x55f47ac79550 (4 bytes)
1587565507.043566 sending message 105 to peer 0x55f47ac79550 (39 bytes)
1587565507.043578 sending message 105 to peer 0x55f47ac79550 (20 bytes)
1587565507.043589 sending message 105 to peer 0x55f47ac79550 (98 bytes)
1587565507.043601 sending message 105 to peer 0x55f47ac79550 (51 bytes)
1587565507.043613 sending message 105 to peer 0x55f47ac79550 (23 bytes)
1587565507.043624 sending message 105 to peer 0x55f47ac79550 (11 bytes)
1587565507.043641 sending message 105 to peer 0x55f47ac79550 (52 bytes)
1587565507.043653 sending message 105 to peer 0x55f47ac79550 (28 bytes)
1587565507.043664 sending message 105 to peer 0x55f47ac79550 (19 bytes)
1587565507.043675 sending message 105 to peer 0x55f47ac79550 (22 bytes)
1587565507.043686 sending message 105 to peer 0x55f47ac79550 (21 bytes)
1587565507.043697 sending message 105 to peer 0x55f47ac79550 (22 bytes)
1587565507.043708 sending message 105 to peer 0x55f47ac79550 (17 bytes)
1587565507.043719 sending message 105 to peer 0x55f47ac79550 (23 bytes)
1587565507.043731 sending message 105 to peer 0x55f47ac79550 (30 bytes)
1587565507.043742 sending message 105 to peer 0x55f47ac79550 (27 bytes)
1587565507.043754 sending message 105 to peer 0x55f47ac79550 (24 bytes)
1587565507.043765 sending message 105 to peer 0x55f47ac79550 (20 bytes)
1587565507.043776 sending message 105 to peer 0x55f47ac79550 (23 bytes)
1587565507.043788 sending message 105 to peer 0x55f47ac79550 (21 bytes)
1587565507.043799 sending message 105 to peer 0x55f47ac79550 (25 bytes)
1587565507.043810 sending message 105 to peer 0x55f47ac79550 (20 bytes)
1587565507.043826 sending message 105 to peer 0x55f47ac79550 (8 bytes)
1587565507.043837 sending message 105 to peer 0x55f47ac79550 (16 bytes)
1587565507.043850 sending message 105 to peer 0x55f47ac79550 (32 bytes)
1587565507.043862 sending message 105 to peer 0x55f47ac79550 (1516 bytes)
1587565507.043895 sending message 105 to peer 0x55f47ac79550 (54 bytes)
1587565507.043913 sending message 105 to peer 0x55f47ac79550 (29 bytes)
1587565507.043925 sending message 105 to peer 0x55f47ac79550 (11 bytes)
1587565507.043938 sending message 105 to peer 0x55f47ac79550 (50 bytes)
1587565507.043950 sending message 105 to peer 0x55f47ac79550 (48 bytes)
1587565507.043962 sending message 105 to peer 0x55f47ac79550 (96 bytes)
1587565507.043973 sending message 105 to peer 0x55f47ac79550 (36 bytes)
1587565507.043985 sending message 105 to peer 0x55f47ac79550 (19 bytes)
1587565507.043997 sending message 105 to peer 0x55f47ac79550 (30 bytes)
1587565507.044008 sending message 105 to peer 0x55f47ac79550 (80 bytes)
1587565507.044020 sending message 105 to peer 0x55f47ac79550 (19 bytes)
1587565507.044031 sending message 105 to peer 0x55f47ac79550 (8 bytes)
1587565507.044043 sending message 105 to peer 0x55f47ac79550 (19 bytes)
1587565507.044054 sending message 105 to peer 0x55f47ac79550 (47 bytes)
1587565507.044066 sending message 105 to peer 0x55f47ac79550 (20 bytes)
1587565507.044077 sending message 105 to peer 0x55f47ac79550 (36 bytes)
1587565507.044089 sending message 105 to peer 0x55f47ac79550 (13 bytes)
1587565507.044101 sending message 105 to peer 0x55f47ac79550 (13 bytes)
1587565507.044112 sending message 105 to peer 0x55f47ac79550 (18 bytes)
1587565507.044123 sending message 105 to peer 0x55f47ac79550 (37 bytes)
1587565507.044149 sending message 105 to peer 0x55f47ac79550 (15 bytes)
1587565507.044162 sending message 105 to peer 0x55f47ac79550 (29 bytes)
1587565507.044173 sending message 105 to peer 0x55f47ac79550 (94 bytes)
1587565507.044186 sending message 105 to peer 0x55f47ac79550 (24 bytes)
1587565507.044198 sending message 105 to peer 0x55f47ac79550 (62 bytes)
1587565507.044210 sending message 105 to peer 0x55f47ac79550 (31 bytes)
1587565507.044222 sending message 105 to peer 0x55f47ac79550 (15 bytes)
1587565507.044234 sending message 105 to peer 0x55f47ac79550 (52 bytes)
1587565507.044246 sending message 105 to peer 0x55f47ac79550 (23 bytes)
1587565507.044257 sending message 105 to peer 0x55f47ac79550 (24 bytes)
1587565507.044269 sending message 105 to peer 0x55f47ac79550 (17 bytes)
1587565507.044281 sending message 105 to peer 0x55f47ac79550 (58 bytes)
1587565507.044293 sending message 105 to peer 0x55f47ac79550 (21 bytes)
1587565507.044304 sending message 105 to peer 0x55f47ac79550 (11 bytes)
1587565507.044316 sending message 105 to peer 0x55f47ac79550 (26 bytes)
1587565507.044327 sending message 105 to peer 0x55f47ac79550 (41 bytes)
1587565507.044340 sending message 105 to peer 0x55f47ac79550 (30 bytes)
1587565507.044352 sending message 105 to peer 0x55f47ac79550 (16 bytes)
1587565507.044364 sending message 105 to peer 0x55f47ac79550 (77 bytes)
1587565507.044376 sending message 105 to peer 0x55f47ac79550 (11 bytes)
1587565507.044388 sending message 105 to peer 0x55f47ac79550 (16 bytes)
1587565507.044399 sending message 106 to peer 0x55f47ac79550 (0 bytes)
1587565507.044412 sending message 200 to peer 0x55f47ac79550 (4 bytes)
1587565507.044423 client loop enter
1587565507.045432 peer 0x55f47ac79550 message 211
1587565507.045492 peer 0x55f47ac79550 message 203
1587565507.045515 client loop exit
